<?xml version="1.0" encoding="UTF-8"?>
<!-- Generated by org.testng.reporters.JUnitReportReporter -->
<testsuite hostname="LTIN488948" failures="0" tests="18" name="project.methods" time="129.622" errors="1" timestamp="2024-02-08T14:41:59 IST" skipped="0">
  <testcase classname="project.methods" name="switchDriver" time="5.117"/>
  <testcase classname="project.methods" name="getSentBackForRevisionDetails" time="1.327">
    <error message="element click intercepted: Element &lt;a id=&quot;CTS_TS_LAND_WRK_SEARCH&quot; class=&quot;ps-button&quot; role=&quot;button&quot; ptlinktgt=&quot;pt_peoplecode&quot; onclick=&quot;javascript:cancelBubble(event);&quot; href=&quot;javascript:submitAction_win0(document.win0,&#039;CTS_TS_LAND_WRK_SEARCH&#039;);&quot;&gt;...&lt;/a&gt; is not clickable at point (1095, 121). Other element would receive the click: &lt;div class=&quot;ps_modalmask&quot; id=&quot;pt_modalMask&quot; style=&quot;height: 551px; width: 1232px; display: block;&quot;&gt;...&lt;/div&gt;
  (Session info: MicrosoftEdge=121.0.2277.106)
Build info: version: &#039;4.16.1&#039;, revision: &#039;9b4c83354e&#039;
System info: os.name: &#039;Windows 11&#039;, os.arch: &#039;amd64&#039;, os.version: &#039;10.0&#039;, java.version: &#039;17.0.2&#039;
Driver info: org.openqa.selenium.edge.EdgeDriver
Command: [c11769b8a93fe074eddc712861db8188, clickElement {id=604BF113C63698C604F50A22A515A543_element_526}]
Capabilities {acceptInsecureCerts: false, browserName: MicrosoftEdge, browserVersion: 121.0.2277.106, fedcm:accounts: true, ms:edgeOptions: {debuggerAddress: localhost:51187}, msedge: {msedgedriverVersion: 121.0.2277.106 (3a400d91a81..., userDataDir: C:\WINDOWS\SystemTemp\scope...}, networkConnectionEnabled: false, pageLoadStrategy: normal, platformName: windows, proxy: Proxy(), se:cdp: ws://localhost:51187/devtoo..., se:cdpVersion: 121.0.2277.106, setWindowRect: true, strictFileInteractability: false, timeouts: {implicit: 0, pageLoad: 300000, script: 30000}, unhandledPromptBehavior: dismiss and notify, webauthn:extension:credBlob: true, webauthn:extension:largeBlob: true, webauthn:extension:minPinLength: true, webauthn:extension:prf: true, webauthn:virtualAuthenticators: true}
Element: [[EdgeDriver: MicrosoftEdge on windows (c11769b8a93fe074eddc712861db8188)] -&gt; xpath: //a[@id=&#039;CTS_TS_LAND_WRK_SEARCH&#039;]]
Session ID: c11769b8a93fe074eddc712861db8188" type="org.openqa.selenium.ElementClickInterceptedException">
      <![CDATA[org.openqa.selenium.ElementClickInterceptedException: element click intercepted: Element <a id="CTS_TS_LAND_WRK_SEARCH" class="ps-button" role="button" ptlinktgt="pt_peoplecode" onclick="javascript:cancelBubble(event);" href="javascript:submitAction_win0(document.win0,'CTS_TS_LAND_WRK_SEARCH');">...</a> is not clickable at point (1095, 121). Other element would receive the click: <div class="ps_modalmask" id="pt_modalMask" style="height: 551px; width: 1232px; display: block;">...</div>
  (Session info: MicrosoftEdge=121.0.2277.106)
Build info: version: '4.16.1', revision: '9b4c83354e'
System info: os.name: 'Windows 11', os.arch: 'amd64', os.version: '10.0', java.version: '17.0.2'
Driver info: org.openqa.selenium.edge.EdgeDriver
Command: [c11769b8a93fe074eddc712861db8188, clickElement {id=604BF113C63698C604F50A22A515A543_element_526}]
Capabilities {acceptInsecureCerts: false, browserName: MicrosoftEdge, browserVersion: 121.0.2277.106, fedcm:accounts: true, ms:edgeOptions: {debuggerAddress: localhost:51187}, msedge: {msedgedriverVersion: 121.0.2277.106 (3a400d91a81..., userDataDir: C:\WINDOWS\SystemTemp\scope...}, networkConnectionEnabled: false, pageLoadStrategy: normal, platformName: windows, proxy: Proxy(), se:cdp: ws://localhost:51187/devtoo..., se:cdpVersion: 121.0.2277.106, setWindowRect: true, strictFileInteractability: false, timeouts: {implicit: 0, pageLoad: 300000, script: 30000}, unhandledPromptBehavior: dismiss and notify, webauthn:extension:credBlob: true, webauthn:extension:largeBlob: true, webauthn:extension:minPinLength: true, webauthn:extension:prf: true, webauthn:virtualAuthenticators: true}
Element: [[EdgeDriver: MicrosoftEdge on windows (c11769b8a93fe074eddc712861db8188)] -> xpath: //a[@id='CTS_TS_LAND_WRK_SEARCH']]
Session ID: c11769b8a93fe074eddc712861db8188
at java.base/jdk.internal.reflect.NativeConstructorAccessorImpl.newInstance0(Native Method)
at java.base/jdk.internal.reflect.NativeConstructorAccessorImpl.newInstance(NativeConstructorAccessorImpl.java:77)
at java.base/jdk.internal.reflect.DelegatingConstructorAccessorImpl.newInstance(DelegatingConstructorAccessorImpl.java:45)
at java.base/java.lang.reflect.Constructor.newInstanceWithCaller(Constructor.java:499)
at java.base/java.lang.reflect.Constructor.newInstance(Constructor.java:480)
at org.openqa.selenium.remote.codec.w3c.W3CHttpResponseCodec.createException(W3CHttpResponseCodec.java:200)
at org.openqa.selenium.remote.codec.w3c.W3CHttpResponseCodec.decode(W3CHttpResponseCodec.java:133)
at org.openqa.selenium.remote.codec.w3c.W3CHttpResponseCodec.decode(W3CHttpResponseCodec.java:52)
at org.openqa.selenium.remote.HttpCommandExecutor.execute(HttpCommandExecutor.java:191)
at org.openqa.selenium.remote.service.DriverCommandExecutor.invokeExecute(DriverCommandExecutor.java:200)
at org.openqa.selenium.remote.service.DriverCommandExecutor.execute(DriverCommandExecutor.java:175)
at org.openqa.selenium.remote.RemoteWebDriver.execute(RemoteWebDriver.java:523)
at org.openqa.selenium.remote.RemoteWebElement.execute(RemoteWebElement.java:224)
at org.openqa.selenium.remote.RemoteWebElement.click(RemoteWebElement.java:77)
at project.methods.getSentBackForRevisionDetails(methods.java:383)
at java.base/jdk.internal.reflect.NativeMethodAccessorImpl.invoke0(Native Method)
at java.base/jdk.internal.reflect.NativeMethodAccessorImpl.invoke(NativeMethodAccessorImpl.java:77)
at java.base/jdk.internal.reflect.DelegatingMethodAccessorImpl.invoke(DelegatingMethodAccessorImpl.java:43)
at java.base/java.lang.reflect.Method.invoke(Method.java:568)
at org.testng.internal.invokers.MethodInvocationHelper.invokeMethod(MethodInvocationHelper.java:139)
at org.testng.internal.invokers.TestInvoker.invokeMethod(TestInvoker.java:664)
at org.testng.internal.invokers.TestInvoker.invokeTestMethod(TestInvoker.java:227)
at org.testng.internal.invokers.MethodRunner.runInSequence(MethodRunner.java:50)
at org.testng.internal.invokers.TestInvoker$MethodInvocationAgent.invoke(TestInvoker.java:957)
at org.testng.internal.invokers.TestInvoker.invokeTestMethods(TestInvoker.java:200)
at org.testng.internal.invokers.TestMethodWorker.invokeTestMethods(TestMethodWorker.java:148)
at org.testng.internal.invokers.TestMethodWorker.run(TestMethodWorker.java:128)
at java.base/java.util.ArrayList.forEach(ArrayList.java:1511)
at org.testng.TestRunner.privateRun(TestRunner.java:848)
at org.testng.TestRunner.run(TestRunner.java:621)
at org.testng.SuiteRunner.runTest(SuiteRunner.java:443)
at org.testng.SuiteRunner.runSequentially(SuiteRunner.java:437)
at org.testng.SuiteRunner.privateRun(SuiteRunner.java:397)
at org.testng.SuiteRunner.run(SuiteRunner.java:336)
at org.testng.SuiteRunnerWorker.runSuite(SuiteRunnerWorker.java:52)
at org.testng.SuiteRunnerWorker.run(SuiteRunnerWorker.java:95)
at org.testng.TestNG.runSuitesSequentially(TestNG.java:1280)
at org.testng.TestNG.runSuitesLocally(TestNG.java:1200)
at org.testng.TestNG.runSuites(TestNG.java:1114)
at org.testng.TestNG.run(TestNG.java:1082)
at org.testng.remote.AbstractRemoteTestNG.run(AbstractRemoteTestNG.java:115)
at org.testng.remote.RemoteTestNG.initAndRun(RemoteTestNG.java:251)
at org.testng.remote.RemoteTestNG.main(RemoteTestNG.java:77)
]]>
    </error>
  </testcase> <!-- getSentBackForRevisionDetails -->
  <testcase classname="project.methods" name="datchk" time="7.066"/>
  <testcase classname="project.methods" name="status" time="2.430"/>
  <testcase classname="project.methods" name="getPendingDetails" time="5.252"/>
  <testcase classname="project.methods" name="getApprovedDetails" time="2.616"/>
  <testcase classname="project.methods" name="setSearch" time="7.778"/>
  <testcase classname="project.methods" name="getPartiallyApprovedDetails" time="5.292"/>
  <testcase classname="project.methods" name="getcurrentDate" time="2.087"/>
  <testcase classname="project.methods" name="getTimeSheet" time="2.163"/>
  <testcase classname="project.methods" name="getOverdueDetails" time="3.285"/>
  <testcase classname="project.methods" name="getSavedDetails" time="5.317"/>
  <testcase classname="project.methods" name="getdropdown" time="1.313"/>
  <testcase classname="project.methods" name="getUrl" time="58.477"/>
  <testcase classname="project.methods" name="switchDriver1" time="2.080"/>
  <testcase classname="project.methods" name="checkOneCognizant" time="0.184"/>
  <testcase classname="project.methods" name="getSubmittedDetails" time="5.348"/>
  <testcase classname="project.methods" name="getUserDetails" time="12.490"/>
</testsuite> <!-- project.methods -->
